C:\Users\vikas\source\Example\DutchTreat\dist\out-tsc\ClientApp\app\app.component.js
C:\Users\vikas\source\Example\DutchTreat\dist\out-tsc\ClientApp\app\app.component.js.map
C:\Users\vikas\source\Example\DutchTreat\dist\out-tsc\ClientApp\app\shared\order.js
C:\Users\vikas\source\Example\DutchTreat\dist\out-tsc\ClientApp\app\shared\order.js.map
C:\Users\vikas\source\Example\DutchTreat\dist\out-tsc\ClientApp\app\shared\dataService.js
C:\Users\vikas\source\Example\DutchTreat\dist\out-tsc\ClientApp\app\shared\dataService.js.map
C:\Users\vikas\source\Example\DutchTreat\dist\out-tsc\ClientApp\app\shop\cart.component.js
C:\Users\vikas\source\Example\DutchTreat\dist\out-tsc\ClientApp\app\shop\cart.component.js.map
C:\Users\vikas\source\Example\DutchTreat\dist\out-tsc\ClientApp\app\shop\productList.component.js
C:\Users\vikas\source\Example\DutchTreat\dist\out-tsc\ClientApp\app\shop\productList.component.js.map
C:\Users\vikas\source\Example\DutchTreat\dist\out-tsc\ClientApp\app\shop\shop.component.js
C:\Users\vikas\source\Example\DutchTreat\dist\out-tsc\ClientApp\app\shop\shop.component.js.map
C:\Users\vikas\source\Example\DutchTreat\dist\out-tsc\ClientApp\app\checkout\checkout.component.js
C:\Users\vikas\source\Example\DutchTreat\dist\out-tsc\ClientApp\app\checkout\checkout.component.js.map
C:\Users\vikas\source\Example\DutchTreat\dist\out-tsc\ClientApp\app\login\login.component.js
C:\Users\vikas\source\Example\DutchTreat\dist\out-tsc\ClientApp\app\login\login.component.js.map
C:\Users\vikas\source\Example\DutchTreat\dist\out-tsc\ClientApp\app\app.module.js
C:\Users\vikas\source\Example\DutchTreat\dist\out-tsc\ClientApp\app\app.module.js.map
C:\Users\vikas\source\Example\DutchTreat\dist\out-tsc\ClientApp\environments\environment.js
C:\Users\vikas\source\Example\DutchTreat\dist\out-tsc\ClientApp\environments\environment.js.map
C:\Users\vikas\source\Example\DutchTreat\dist\out-tsc\ClientApp\main.js
C:\Users\vikas\source\Example\DutchTreat\dist\out-tsc\ClientApp\main.js.map
C:\Users\vikas\source\Example\DutchTreat\dist\out-tsc\ClientApp\polyfills.js
C:\Users\vikas\source\Example\DutchTreat\dist\out-tsc\ClientApp\polyfills.js.map
C:\Users\vikas\source\Example\DutchTreat\dist\out-tsc\ClientApp\test.js
C:\Users\vikas\source\Example\DutchTreat\dist\out-tsc\ClientApp\test.js.map
C:\Users\vikas\source\Example\DutchTreat\dist\out-tsc\ClientApp\environments\environment.prod.js
C:\Users\vikas\source\Example\DutchTreat\dist\out-tsc\ClientApp\environments\environment.prod.js.map
C:\Users\vikas\source\Example\DutchTreat\dist\out-tsc\dutch-app\e2e\src\app.po.js
C:\Users\vikas\source\Example\DutchTreat\dist\out-tsc\dutch-app\e2e\src\app.po.js.map
C:\Users\vikas\source\Example\DutchTreat\dist\out-tsc\dutch-app\e2e\src\app.e2e-spec.js
C:\Users\vikas\source\Example\DutchTreat\dist\out-tsc\dutch-app\e2e\src\app.e2e-spec.js.map
C:\Users\vikas\source\Example\DutchTreat\dist\out-tsc\dutch-app\src\app\app-routing.module.js
C:\Users\vikas\source\Example\DutchTreat\dist\out-tsc\dutch-app\src\app\app-routing.module.js.map
C:\Users\vikas\source\Example\DutchTreat\dist\out-tsc\dutch-app\src\app\app.component.js
C:\Users\vikas\source\Example\DutchTreat\dist\out-tsc\dutch-app\src\app\app.component.js.map
C:\Users\vikas\source\Example\DutchTreat\dist\out-tsc\dutch-app\src\app\app.module.js
C:\Users\vikas\source\Example\DutchTreat\dist\out-tsc\dutch-app\src\app\app.module.js.map
C:\Users\vikas\source\Example\DutchTreat\dist\out-tsc\dutch-app\src\environments\environment.js
C:\Users\vikas\source\Example\DutchTreat\dist\out-tsc\dutch-app\src\environments\environment.js.map
C:\Users\vikas\source\Example\DutchTreat\dist\out-tsc\dutch-app\src\main.js
C:\Users\vikas\source\Example\DutchTreat\dist\out-tsc\dutch-app\src\main.js.map
C:\Users\vikas\source\Example\DutchTreat\dist\out-tsc\dutch-app\src\polyfills.js
C:\Users\vikas\source\Example\DutchTreat\dist\out-tsc\dutch-app\src\polyfills.js.map
C:\Users\vikas\source\Example\DutchTreat\dist\out-tsc\dutch-app\src\test.js
C:\Users\vikas\source\Example\DutchTreat\dist\out-tsc\dutch-app\src\test.js.map
C:\Users\vikas\source\Example\DutchTreat\dist\out-tsc\dutch-app\src\environments\environment.prod.js
C:\Users\vikas\source\Example\DutchTreat\dist\out-tsc\dutch-app\src\environments\environment.prod.js.map
